[2017-12-13 08:58:19] INFO com.nms.ui.lockscreen.controller.HandLockTimerTask - 已经用了的最大连接数4
[2017-12-13 08:59:19] INFO com.nms.ui.lockscreen.controller.HandLockTimerTask - 已经用了的最大连接数2
[2017-12-13 09:00:19] INFO com.nms.ui.lockscreen.controller.HandLockTimerTask - 已经用了的最大连接数2
[2017-12-13 09:01:19] INFO com.nms.ui.lockscreen.controller.HandLockTimerTask - 已经用了的最大连接数2
[2017-12-13 09:02:19] INFO com.nms.ui.lockscreen.controller.HandLockTimerTask - 已经用了的最大连接数2
[2017-12-13 09:03:19] INFO com.nms.ui.lockscreen.controller.HandLockTimerTask - 已经用了的最大连接数2
[2017-12-13 09:04:19] INFO com.nms.ui.lockscreen.controller.HandLockTimerTask - 已经用了的最大连接数2
[2017-12-13 09:05:19] INFO com.nms.ui.lockscreen.controller.HandLockTimerTask - 已经用了的最大连接数2
[2017-12-13 09:06:19] INFO com.nms.ui.lockscreen.controller.HandLockTimerTask - 已经用了的最大连接数2
[2017-12-13 09:07:19] INFO com.nms.ui.lockscreen.controller.HandLockTimerTask - 已经用了的最大连接数2
[2017-12-13 09:08:19] INFO com.nms.ui.lockscreen.controller.HandLockTimerTask - 已经用了的最大连接数2
[2017-12-13 09:09:19] INFO com.nms.ui.lockscreen.controller.HandLockTimerTask - 已经用了的最大连接数2
[2017-12-13 09:10:19] INFO com.nms.ui.lockscreen.controller.HandLockTimerTask - 已经用了的最大连接数2
[2017-12-13 09:11:19] INFO com.nms.ui.lockscreen.controller.HandLockTimerTask - 已经用了的最大连接数2
[2017-12-13 09:12:19] INFO com.nms.ui.lockscreen.controller.HandLockTimerTask - 已经用了的最大连接数2
[2017-12-13 09:13:19] INFO com.nms.ui.lockscreen.controller.HandLockTimerTask - 已经用了的最大连接数2
[2017-12-13 09:14:19] INFO com.nms.ui.lockscreen.controller.HandLockTimerTask - 已经用了的最大连接数2
[2017-12-13 09:15:19] INFO com.nms.ui.lockscreen.controller.HandLockTimerTask - 已经用了的最大连接数2
[2017-12-13 09:16:19] INFO com.nms.ui.lockscreen.controller.HandLockTimerTask - 已经用了的最大连接数2
[2017-12-13 09:17:19] INFO com.nms.ui.lockscreen.controller.HandLockTimerTask - 已经用了的最大连接数2
[2017-12-13 09:18:19] INFO com.nms.ui.lockscreen.controller.HandLockTimerTask - 已经用了的最大连接数2
[2017-12-13 09:19:19] INFO com.nms.ui.lockscreen.controller.HandLockTimerTask - 已经用了的最大连接数2
[2017-12-13 09:20:19] INFO com.nms.ui.lockscreen.controller.HandLockTimerTask - 已经用了的最大连接数3
[2017-12-13 09:21:19] INFO com.nms.ui.lockscreen.controller.HandLockTimerTask - 已经用了的最大连接数3
[2017-12-13 09:22:19] INFO com.nms.ui.lockscreen.controller.HandLockTimerTask - 已经用了的最大连接数2
[2017-12-13 09:23:19] INFO com.nms.ui.lockscreen.controller.HandLockTimerTask - 已经用了的最大连接数2
[2017-12-13 09:24:19] INFO com.nms.ui.lockscreen.controller.HandLockTimerTask - 已经用了的最大连接数2
[2017-12-13 09:25:19] INFO com.nms.ui.lockscreen.controller.HandLockTimerTask - 已经用了的最大连接数2
[2017-12-13 09:26:19] INFO com.nms.ui.lockscreen.controller.HandLockTimerTask - 已经用了的最大连接数2
[2017-12-13 09:27:19] INFO com.nms.ui.lockscreen.controller.HandLockTimerTask - 已经用了的最大连接数2
[2017-12-13 09:28:19] INFO com.nms.ui.lockscreen.controller.HandLockTimerTask - 已经用了的最大连接数2
[2017-12-13 09:29:19] INFO com.nms.ui.lockscreen.controller.HandLockTimerTask - 已经用了的最大连接数2
[2017-12-13 09:30:19] INFO com.nms.ui.lockscreen.controller.HandLockTimerTask - 已经用了的最大连接数2
[2017-12-13 09:31:19] INFO com.nms.ui.lockscreen.controller.HandLockTimerTask - 已经用了的最大连接数2
[2017-12-13 09:32:19] INFO com.nms.ui.lockscreen.controller.HandLockTimerTask - 已经用了的最大连接数2
[2017-12-13 09:33:19] INFO com.nms.ui.lockscreen.controller.HandLockTimerTask - 已经用了的最大连接数2
[2017-12-13 09:34:19] INFO com.nms.ui.lockscreen.controller.HandLockTimerTask - 已经用了的最大连接数2
[2017-12-13 09:35:19] INFO com.nms.ui.lockscreen.controller.HandLockTimerTask - 已经用了的最大连接数2
[2017-12-13 09:36:19] INFO com.nms.ui.lockscreen.controller.HandLockTimerTask - 已经用了的最大连接数2
[2017-12-13 09:37:19] INFO com.nms.ui.lockscreen.controller.HandLockTimerTask - 已经用了的最大连接数2
[2017-12-13 09:38:19] INFO com.nms.ui.lockscreen.controller.HandLockTimerTask - 已经用了的最大连接数2
[2017-12-13 09:39:19] INFO com.nms.ui.lockscreen.controller.HandLockTimerTask - 已经用了的最大连接数2
[2017-12-13 09:40:19] INFO com.nms.ui.lockscreen.controller.HandLockTimerTask - 已经用了的最大连接数2
[2017-12-13 09:41:19] INFO com.nms.ui.lockscreen.controller.HandLockTimerTask - 已经用了的最大连接数2
[2017-12-13 09:42:19] INFO com.nms.ui.lockscreen.controller.HandLockTimerTask - 已经用了的最大连接数2
[2017-12-13 09:43:19] INFO com.nms.ui.lockscreen.controller.HandLockTimerTask - 已经用了的最大连接数2
[2017-12-13 09:44:19] INFO com.nms.ui.lockscreen.controller.HandLockTimerTask - 已经用了的最大连接数2
[2017-12-13 09:45:12] INFO com.nms.ui.thread.WaitWindowThread - 进度条开始
[2017-12-13 09:45:18] INFO com.nms.ui.thread.WaitWindowThread - 进度条开始
[2017-12-13 09:45:19] INFO com.nms.ui.lockscreen.controller.HandLockTimerTask - 已经用了的最大连接数2
[2017-12-13 09:45:20] INFO com.nms.ui.thread.WaitWindowThread - 进度条开始
[2017-12-13 09:46:19] INFO com.nms.ui.lockscreen.controller.HandLockTimerTask - 已经用了的最大连接数2
[2017-12-13 09:47:19] INFO com.nms.ui.lockscreen.controller.HandLockTimerTask - 已经用了的最大连接数2
[2017-12-13 09:47:43] INFO com.nms.ui.thread.WaitWindowThread - 进度条开始
[2017-12-13 09:48:19] INFO com.nms.ui.lockscreen.controller.HandLockTimerTask - 已经用了的最大连接数2
[2017-12-13 09:49:19] INFO com.nms.ui.lockscreen.controller.HandLockTimerTask - 已经用了的最大连接数2
[2017-12-13 09:50:19] INFO com.nms.ui.lockscreen.controller.HandLockTimerTask - 已经用了的最大连接数2
[2017-12-13 09:51:19] INFO com.nms.ui.lockscreen.controller.HandLockTimerTask - 已经用了的最大连接数2
[2017-12-13 09:52:19] INFO com.nms.ui.lockscreen.controller.HandLockTimerTask - 已经用了的最大连接数2
[2017-12-13 09:53:19] INFO com.nms.ui.lockscreen.controller.HandLockTimerTask - 已经用了的最大连接数2
[2017-12-13 09:54:19] INFO com.nms.ui.lockscreen.controller.HandLockTimerTask - 已经用了的最大连接数2
[2017-12-13 09:55:19] INFO com.nms.ui.lockscreen.controller.HandLockTimerTask - 已经用了的最大连接数2
[2017-12-13 09:56:19] INFO com.nms.ui.lockscreen.controller.HandLockTimerTask - 已经用了的最大连接数2
[2017-12-13 09:57:19] INFO com.nms.ui.lockscreen.controller.HandLockTimerTask - 已经用了的最大连接数2
[2017-12-13 09:58:19] INFO com.nms.ui.lockscreen.controller.HandLockTimerTask - 已经用了的最大连接数2
[2017-12-13 09:59:19] INFO com.nms.ui.lockscreen.controller.HandLockTimerTask - 已经用了的最大连接数2
[2017-12-13 10:00:19] INFO com.nms.ui.lockscreen.controller.HandLockTimerTask - 已经用了的最大连接数2
[2017-12-13 10:01:19] INFO com.nms.ui.lockscreen.controller.HandLockTimerTask - 已经用了的最大连接数2
[2017-12-13 10:02:19] INFO com.nms.ui.lockscreen.controller.HandLockTimerTask - 已经用了的最大连接数2
[2017-12-13 10:03:19] INFO com.nms.ui.lockscreen.controller.HandLockTimerTask - 已经用了的最大连接数2
[2017-12-13 10:04:19] INFO com.nms.ui.lockscreen.controller.HandLockTimerTask - 已经用了的最大连接数2
[2017-12-13 10:05:19] INFO com.nms.ui.lockscreen.controller.HandLockTimerTask - 已经用了的最大连接数2
[2017-12-13 10:06:19] INFO com.nms.ui.lockscreen.controller.HandLockTimerTask - 已经用了的最大连接数2
[2017-12-13 10:07:19] INFO com.nms.ui.lockscreen.controller.HandLockTimerTask - 已经用了的最大连接数2
[2017-12-13 10:08:19] INFO com.nms.ui.lockscreen.controller.HandLockTimerTask - 已经用了的最大连接数2
[2017-12-13 10:09:19] INFO com.nms.ui.lockscreen.controller.HandLockTimerTask - 已经用了的最大连接数2
[2017-12-13 10:10:19] INFO com.nms.ui.lockscreen.controller.HandLockTimerTask - 已经用了的最大连接数2
[2017-12-13 10:11:19] INFO com.nms.ui.lockscreen.controller.HandLockTimerTask - 已经用了的最大连接数2
[2017-12-13 10:12:19] INFO com.nms.ui.lockscreen.controller.HandLockTimerTask - 已经用了的最大连接数2
[2017-12-13 10:13:19] INFO com.nms.ui.lockscreen.controller.HandLockTimerTask - 已经用了的最大连接数2
[2017-12-13 10:14:19] INFO com.nms.ui.lockscreen.controller.HandLockTimerTask - 已经用了的最大连接数2
[2017-12-13 10:15:19] INFO com.nms.ui.lockscreen.controller.HandLockTimerTask - 已经用了的最大连接数2
[2017-12-13 10:16:19] INFO com.nms.ui.lockscreen.controller.HandLockTimerTask - 已经用了的最大连接数2
[2017-12-13 10:17:19] INFO com.nms.ui.lockscreen.controller.HandLockTimerTask - 已经用了的最大连接数2
[2017-12-13 10:19:09] INFO com.nms.ui.lockscreen.controller.HandLockTimerTask - 已经用了的最大连接数4
[2017-12-13 10:20:09] INFO com.nms.ui.lockscreen.controller.HandLockTimerTask - 已经用了的最大连接数2
[2017-12-13 10:21:09] INFO com.nms.ui.lockscreen.controller.HandLockTimerTask - 已经用了的最大连接数2
[2017-12-13 10:22:09] INFO com.nms.ui.lockscreen.controller.HandLockTimerTask - 已经用了的最大连接数2
[2017-12-13 10:23:09] INFO com.nms.ui.lockscreen.controller.HandLockTimerTask - 已经用了的最大连接数2
[2017-12-13 10:24:09] INFO com.nms.ui.lockscreen.controller.HandLockTimerTask - 已经用了的最大连接数2
[2017-12-13 10:25:09] INFO com.nms.ui.lockscreen.controller.HandLockTimerTask - 已经用了的最大连接数2
[2017-12-13 10:26:09] INFO com.nms.ui.lockscreen.controller.HandLockTimerTask - 已经用了的最大连接数2
[2017-12-13 10:27:09] INFO com.nms.ui.lockscreen.controller.HandLockTimerTask - 已经用了的最大连接数2
[2017-12-13 10:28:09] INFO com.nms.ui.lockscreen.controller.HandLockTimerTask - 已经用了的最大连接数2
[2017-12-13 10:29:09] INFO com.nms.ui.lockscreen.controller.HandLockTimerTask - 已经用了的最大连接数2
[2017-12-13 10:30:09] INFO com.nms.ui.lockscreen.controller.HandLockTimerTask - 已经用了的最大连接数2
[2017-12-13 10:31:09] INFO com.nms.ui.lockscreen.controller.HandLockTimerTask - 已经用了的最大连接数2
[2017-12-13 10:32:09] INFO com.nms.ui.lockscreen.controller.HandLockTimerTask - 已经用了的最大连接数2
[2017-12-13 10:33:09] INFO com.nms.ui.lockscreen.controller.HandLockTimerTask - 已经用了的最大连接数2
[2017-12-13 10:34:09] INFO com.nms.ui.lockscreen.controller.HandLockTimerTask - 已经用了的最大连接数2
[2017-12-13 10:35:15] INFO com.nms.ui.lockscreen.controller.HandLockTimerTask - 已经用了的最大连接数4
[2017-12-13 10:36:15] INFO com.nms.ui.lockscreen.controller.HandLockTimerTask - 已经用了的最大连接数2
[2017-12-13 10:37:15] INFO com.nms.ui.lockscreen.controller.HandLockTimerTask - 已经用了的最大连接数2
[2017-12-13 10:38:15] INFO com.nms.ui.lockscreen.controller.HandLockTimerTask - 已经用了的最大连接数2
[2017-12-13 10:39:15] INFO com.nms.ui.lockscreen.controller.HandLockTimerTask - 已经用了的最大连接数2
[2017-12-13 10:40:15] INFO com.nms.ui.lockscreen.controller.HandLockTimerTask - 已经用了的最大连接数2
[2017-12-13 10:41:15] INFO com.nms.ui.lockscreen.controller.HandLockTimerTask - 已经用了的最大连接数2
[2017-12-13 10:42:15] INFO com.nms.ui.lockscreen.controller.HandLockTimerTask - 已经用了的最大连接数2
[2017-12-13 10:43:15] INFO com.nms.ui.lockscreen.controller.HandLockTimerTask - 已经用了的最大连接数2
[2017-12-13 10:44:15] INFO com.nms.ui.lockscreen.controller.HandLockTimerTask - 已经用了的最大连接数2
[2017-12-13 10:45:15] INFO com.nms.ui.lockscreen.controller.HandLockTimerTask - 已经用了的最大连接数2
[2017-12-13 10:46:15] INFO com.nms.ui.lockscreen.controller.HandLockTimerTask - 已经用了的最大连接数2
[2017-12-13 10:47:15] INFO com.nms.ui.lockscreen.controller.HandLockTimerTask - 已经用了的最大连接数2
[2017-12-13 10:48:15] INFO com.nms.ui.lockscreen.controller.HandLockTimerTask - 已经用了的最大连接数2
[2017-12-13 10:49:15] INFO com.nms.ui.lockscreen.controller.HandLockTimerTask - 已经用了的最大连接数2
[2017-12-13 10:50:15] INFO com.nms.ui.lockscreen.controller.HandLockTimerTask - 已经用了的最大连接数2
[2017-12-13 10:51:15] INFO com.nms.ui.lockscreen.controller.HandLockTimerTask - 已经用了的最大连接数2
[2017-12-13 10:52:15] INFO com.nms.ui.lockscreen.controller.HandLockTimerTask - 已经用了的最大连接数2
[2017-12-13 10:53:07] ERROR com.nms.ui.ptn.statistics.site.SpecificSiteStatisticsPanelController - java.lang.NullPointerException
	at com.nms.model.util.ExportExcel.exportExcel(ExportExcel.java:168)
	at com.nms.ui.ptn.statistics.site.SpecificSiteStatisticsPanelController.export(SpecificSiteStatisticsPanelController.java:67)
	at com.nms.ui.frame.ContentView$8.actionPerformed(ContentView.java:299)
	at com.nms.ui.manager.control.PtnButton$1.actionPerformed(PtnButton.java:156)
	at javax.swing.AbstractButton.fireActionPerformed(AbstractButton.java:1995)
	at javax.swing.AbstractButton$Handler.actionPerformed(AbstractButton.java:2318)
	at javax.swing.DefaultButtonModel.fireActionPerformed(DefaultButtonModel.java:387)
	at javax.swing.DefaultButtonModel.setPressed(DefaultButtonModel.java:242)
	at javax.swing.plaf.basic.BasicButtonListener.mouseReleased(BasicButtonListener.java:236)
	at com.jtattoo.plaf.BaseButtonListener.mouseReleased(Unknown Source)
	at java.awt.Component.processMouseEvent(Component.java:6134)
	at javax.swing.JComponent.processMouseEvent(JComponent.java:3265)
	at java.awt.Component.processEvent(Component.java:5899)
	at java.awt.Container.processEvent(Container.java:2023)
	at java.awt.Component.dispatchEventImpl(Component.java:4501)
	at java.awt.Container.dispatchEventImpl(Container.java:2081)
	at java.awt.Component.dispatchEvent(Component.java:4331)
	at java.awt.LightweightDispatcher.retargetMouseEvent(Container.java:4301)
	at java.awt.LightweightDispatcher.processMouseEvent(Container.java:3965)
	at java.awt.LightweightDispatcher.dispatchEvent(Container.java:3895)
	at java.awt.Container.dispatchEventImpl(Container.java:2067)
	at java.awt.Window.dispatchEventImpl(Window.java:2458)
	at java.awt.Component.dispatchEvent(Component.java:4331)
	at java.awt.EventQueue.dispatchEvent(EventQueue.java:599)
	at java.awt.EventDispatchThread.pumpOneEventForFilters(EventDispatchThread.java:269)
	at java.awt.EventDispatchThread.pumpEventsForFilter(EventDispatchThread.java:184)
	at java.awt.EventDispatchThread.pumpEventsForHierarchy(EventDispatchThread.java:174)
	at java.awt.EventDispatchThread.pumpEvents(EventDispatchThread.java:169)
	at java.awt.EventDispatchThread.pumpEvents(EventDispatchThread.java:161)
	at java.awt.EventDispatchThread.run(EventDispatchThread.java:122)

[2017-12-13 10:53:15] INFO com.nms.ui.lockscreen.controller.HandLockTimerTask - 已经用了的最大连接数2
[2017-12-13 10:54:15] INFO com.nms.ui.lockscreen.controller.HandLockTimerTask - 已经用了的最大连接数2
[2017-12-13 10:55:15] INFO com.nms.ui.lockscreen.controller.HandLockTimerTask - 已经用了的最大连接数2
[2017-12-13 10:56:15] INFO com.nms.ui.lockscreen.controller.HandLockTimerTask - 已经用了的最大连接数2
[2017-12-13 10:57:15] INFO com.nms.ui.lockscreen.controller.HandLockTimerTask - 已经用了的最大连接数2
[2017-12-13 10:58:15] INFO com.nms.ui.lockscreen.controller.HandLockTimerTask - 已经用了的最大连接数2
[2017-12-13 10:59:15] INFO com.nms.ui.lockscreen.controller.HandLockTimerTask - 已经用了的最大连接数2
[2017-12-13 11:00:15] INFO com.nms.ui.lockscreen.controller.HandLockTimerTask - 已经用了的最大连接数2
[2017-12-13 11:01:15] INFO com.nms.ui.lockscreen.controller.HandLockTimerTask - 已经用了的最大连接数2
[2017-12-13 11:02:15] INFO com.nms.ui.lockscreen.controller.HandLockTimerTask - 已经用了的最大连接数2
[2017-12-13 11:03:15] INFO com.nms.ui.lockscreen.controller.HandLockTimerTask - 已经用了的最大连接数2
[2017-12-13 11:04:15] INFO com.nms.ui.lockscreen.controller.HandLockTimerTask - 已经用了的最大连接数2
[2017-12-13 11:05:15] INFO com.nms.ui.lockscreen.controller.HandLockTimerTask - 已经用了的最大连接数2
[2017-12-13 11:06:15] INFO com.nms.ui.lockscreen.controller.HandLockTimerTask - 已经用了的最大连接数2
[2017-12-13 11:07:15] INFO com.nms.ui.lockscreen.controller.HandLockTimerTask - 已经用了的最大连接数2
[2017-12-13 11:08:15] INFO com.nms.ui.lockscreen.controller.HandLockTimerTask - 已经用了的最大连接数2
[2017-12-13 11:09:15] INFO com.nms.ui.lockscreen.controller.HandLockTimerTask - 已经用了的最大连接数2
[2017-12-13 11:10:15] INFO com.nms.ui.lockscreen.controller.HandLockTimerTask - 已经用了的最大连接数2
[2017-12-13 11:11:15] INFO com.nms.ui.lockscreen.controller.HandLockTimerTask - 已经用了的最大连接数2
[2017-12-13 11:12:15] INFO com.nms.ui.lockscreen.controller.HandLockTimerTask - 已经用了的最大连接数2
[2017-12-13 11:13:15] INFO com.nms.ui.lockscreen.controller.HandLockTimerTask - 已经用了的最大连接数2
[2017-12-13 11:14:15] INFO com.nms.ui.lockscreen.controller.HandLockTimerTask - 已经用了的最大连接数2
[2017-12-13 11:15:15] INFO com.nms.ui.lockscreen.controller.HandLockTimerTask - 已经用了的最大连接数2
[2017-12-13 11:16:15] INFO com.nms.ui.lockscreen.controller.HandLockTimerTask - 已经用了的最大连接数2
[2017-12-13 11:17:15] INFO com.nms.ui.lockscreen.controller.HandLockTimerTask - 已经用了的最大连接数2
[2017-12-13 11:18:15] INFO com.nms.ui.lockscreen.controller.HandLockTimerTask - 已经用了的最大连接数2
[2017-12-13 11:19:15] INFO com.nms.ui.lockscreen.controller.HandLockTimerTask - 已经用了的最大连接数2
[2017-12-13 11:20:15] INFO com.nms.ui.lockscreen.controller.HandLockTimerTask - 已经用了的最大连接数2
[2017-12-13 11:21:15] INFO com.nms.ui.lockscreen.controller.HandLockTimerTask - 已经用了的最大连接数2
[2017-12-13 11:22:15] INFO com.nms.ui.lockscreen.controller.HandLockTimerTask - 已经用了的最大连接数2
[2017-12-13 11:23:15] INFO com.nms.ui.lockscreen.controller.HandLockTimerTask - 已经用了的最大连接数2
[2017-12-13 11:24:15] INFO com.nms.ui.lockscreen.controller.HandLockTimerTask - 已经用了的最大连接数2
[2017-12-13 11:25:15] INFO com.nms.ui.lockscreen.controller.HandLockTimerTask - 已经用了的最大连接数2
[2017-12-13 11:26:15] INFO com.nms.ui.lockscreen.controller.HandLockTimerTask - 已经用了的最大连接数2
[2017-12-13 11:27:15] INFO com.nms.ui.lockscreen.controller.HandLockTimerTask - 已经用了的最大连接数2
[2017-12-13 11:28:15] INFO com.nms.ui.lockscreen.controller.HandLockTimerTask - 已经用了的最大连接数2
[2017-12-13 11:29:15] INFO com.nms.ui.lockscreen.controller.HandLockTimerTask - 已经用了的最大连接数2
[2017-12-13 11:30:15] INFO com.nms.ui.lockscreen.controller.HandLockTimerTask - 已经用了的最大连接数2
[2017-12-13 11:31:15] INFO com.nms.ui.lockscreen.controller.HandLockTimerTask - 已经用了的最大连接数2
[2017-12-13 11:32:15] INFO com.nms.ui.lockscreen.controller.HandLockTimerTask - 已经用了的最大连接数2
[2017-12-13 11:33:15] INFO com.nms.ui.lockscreen.controller.HandLockTimerTask - 已经用了的最大连接数2
[2017-12-13 11:34:15] INFO com.nms.ui.lockscreen.controller.HandLockTimerTask - 已经用了的最大连接数2
[2017-12-13 11:35:15] INFO com.nms.ui.lockscreen.controller.HandLockTimerTask - 已经用了的最大连接数2
[2017-12-13 11:48:51] INFO com.nms.ui.lockscreen.controller.HandLockTimerTask - 已经用了的最大连接数4
[2017-12-13 11:49:51] INFO com.nms.ui.lockscreen.controller.HandLockTimerTask - 已经用了的最大连接数2
[2017-12-13 11:50:51] INFO com.nms.ui.lockscreen.controller.HandLockTimerTask - 已经用了的最大连接数2
[2017-12-13 11:51:51] INFO com.nms.ui.lockscreen.controller.HandLockTimerTask - 已经用了的最大连接数2
[2017-12-13 11:52:51] INFO com.nms.ui.lockscreen.controller.HandLockTimerTask - 已经用了的最大连接数2
[2017-12-13 11:53:51] INFO com.nms.ui.lockscreen.controller.HandLockTimerTask - 已经用了的最大连接数2
[2017-12-13 11:54:51] INFO com.nms.ui.lockscreen.controller.HandLockTimerTask - 已经用了的最大连接数2
[2017-12-13 11:55:51] INFO com.nms.ui.lockscreen.controller.HandLockTimerTask - 已经用了的最大连接数2
[2017-12-13 11:56:51] INFO com.nms.ui.lockscreen.controller.HandLockTimerTask - 已经用了的最大连接数2
[2017-12-13 11:57:51] INFO com.nms.ui.lockscreen.controller.HandLockTimerTask - 已经用了的最大连接数2
[2017-12-13 11:58:51] INFO com.nms.ui.lockscreen.controller.HandLockTimerTask - 已经用了的最大连接数2
[2017-12-13 11:59:51] INFO com.nms.ui.lockscreen.controller.HandLockTimerTask - 已经用了的最大连接数2
[2017-12-13 12:00:51] INFO com.nms.ui.lockscreen.controller.HandLockTimerTask - 已经用了的最大连接数2
[2017-12-13 12:01:51] INFO com.nms.ui.lockscreen.controller.HandLockTimerTask - 已经用了的最大连接数2
[2017-12-13 12:02:51] INFO com.nms.ui.lockscreen.controller.HandLockTimerTask - 已经用了的最大连接数2
[2017-12-13 12:03:51] INFO com.nms.ui.lockscreen.controller.HandLockTimerTask - 已经用了的最大连接数2
[2017-12-13 12:04:51] INFO com.nms.ui.lockscreen.controller.HandLockTimerTask - 已经用了的最大连接数2
[2017-12-13 12:05:51] INFO com.nms.ui.lockscreen.controller.HandLockTimerTask - 已经用了的最大连接数2
[2017-12-13 12:06:51] INFO com.nms.ui.lockscreen.controller.HandLockTimerTask - 已经用了的最大连接数2
[2017-12-13 12:07:51] INFO com.nms.ui.lockscreen.controller.HandLockTimerTask - 已经用了的最大连接数2
[2017-12-13 12:18:31] INFO com.nms.ui.thread.RefreshTopoAlarmThread - RefreshTopoAlarmThread
[2017-12-13 12:18:34] INFO com.nms.ui.thread.RefreshTopoAlarmThread - RefreshTopoAlarmThread
[2017-12-13 12:34:01] INFO com.nms.ui.lockscreen.controller.HandLockTimerTask - 已经用了的最大连接数4
[2017-12-13 12:35:01] INFO com.nms.ui.lockscreen.controller.HandLockTimerTask - 已经用了的最大连接数2
[2017-12-13 12:36:01] INFO com.nms.ui.lockscreen.controller.HandLockTimerTask - 已经用了的最大连接数2
[2017-12-13 12:37:01] INFO com.nms.ui.lockscreen.controller.HandLockTimerTask - 已经用了的最大连接数2
[2017-12-13 12:38:01] INFO com.nms.ui.lockscreen.controller.HandLockTimerTask - 已经用了的最大连接数2
[2017-12-13 12:39:01] INFO com.nms.ui.lockscreen.controller.HandLockTimerTask - 已经用了的最大连接数2
[2017-12-13 12:40:01] INFO com.nms.ui.lockscreen.controller.HandLockTimerTask - 已经用了的最大连接数2
[2017-12-13 12:41:01] INFO com.nms.ui.lockscreen.controller.HandLockTimerTask - 已经用了的最大连接数2
[2017-12-13 12:42:01] INFO com.nms.ui.lockscreen.controller.HandLockTimerTask - 已经用了的最大连接数2
[2017-12-13 12:43:01] INFO com.nms.ui.lockscreen.controller.HandLockTimerTask - 已经用了的最大连接数2
[2017-12-13 12:44:01] INFO com.nms.ui.lockscreen.controller.HandLockTimerTask - 已经用了的最大连接数2
[2017-12-13 12:45:01] INFO com.nms.ui.lockscreen.controller.HandLockTimerTask - 已经用了的最大连接数2
[2017-12-13 12:46:01] INFO com.nms.ui.lockscreen.controller.HandLockTimerTask - 已经用了的最大连接数2
[2017-12-13 12:47:01] INFO com.nms.ui.lockscreen.controller.HandLockTimerTask - 已经用了的最大连接数2
[2017-12-13 12:48:01] INFO com.nms.ui.lockscreen.controller.HandLockTimerTask - 已经用了的最大连接数2
[2017-12-13 12:49:01] INFO com.nms.ui.lockscreen.controller.HandLockTimerTask - 已经用了的最大连接数2
[2017-12-13 12:51:53] INFO com.nms.ui.thread.RefreshTopoAlarmThread - RefreshTopoAlarmThread
[2017-12-13 12:51:56] INFO com.nms.ui.thread.RefreshTopoAlarmThread - RefreshTopoAlarmThread
[2017-12-13 13:23:03] INFO com.nms.ui.thread.RefreshTopoAlarmThread - RefreshTopoAlarmThread
[2017-12-13 13:23:06] INFO com.nms.ui.thread.RefreshTopoAlarmThread - RefreshTopoAlarmThread
[2017-12-13 13:52:01] INFO com.nms.ui.thread.RefreshTopoAlarmThread - RefreshTopoAlarmThread
[2017-12-13 13:52:04] INFO com.nms.ui.thread.RefreshTopoAlarmThread - RefreshTopoAlarmThread
[2017-12-13 14:17:48] INFO com.nms.ui.lockscreen.controller.HandLockTimerTask - 已经用了的最大连接数4
[2017-12-13 14:19:07] INFO com.nms.util.Mybatis_DBManager - conf.xml
[2017-12-13 14:19:08] INFO com.mchange.v2.log.MLog - MLog clients using log4j logging.
[2017-12-13 14:19:08] INFO com.mchange.v2.c3p0.C3P0Registry - Initializing c3p0-0.9.5-pre8 [built 04-April-2014 04:20:15 -0700; debug? true; trace: 10]
[2017-12-13 14:19:13] INFO com.mchange.v2.c3p0.impl.AbstractPoolBackedDataSource - Initializing c3p0 pool... com.mchange.v2.c3p0.ComboPooledDataSource [ acquireIncrement -> 3, acquireRetryAttempts -> 30, acquireRetryDelay -> 1000, autoCommitOnClose -> false, automaticTestTable -> null, breakAfterAcquireFailure -> false, checkoutTimeout -> 0, connectionCustomizerClassName -> null, connectionTesterClassName -> com.mchange.v2.c3p0.impl.DefaultConnectionTester, contextClassLoaderSource -> caller, dataSourceName -> 1hge2pf9slsdr5t199yhm8|d58939, debugUnreturnedConnectionStackTraces -> false, description -> null, driverClass -> com.mysql.jdbc.Driver, extensions -> {}, factoryClassLocation -> null, forceIgnoreUnresolvedTransactions -> false, forceUseNamedDriverClass -> false, identityToken -> 1hge2pf9slsdr5t199yhm8|d58939, idleConnectionTestPeriod -> 0, initialPoolSize -> 20, jdbcUrl -> jdbc:mysql://127.0.0.1:3308/ptn?useUnicode=true&characterEncoding=utf-8&autoReconnect=true&failOverReadOnly=false, maxAdministrativeTaskTime -> 0, maxConnectionAge -> 0, maxIdleTime -> 0, maxIdleTimeExcessConnections -> 0, maxPoolSize -> 30, maxStatements -> 20, maxStatementsPerConnection -> 0, minPoolSize -> 1, numHelperThreads -> 3, preferredTestQuery -> null, privilegeSpawnedThreads -> false, properties -> {user=******, password=******}, propertyCycle -> 0, statementCacheNumDeferredCloseThreads -> 0, testConnectionOnCheckin -> true, testConnectionOnCheckout -> false, unreturnedConnectionTimeout -> 0, userOverrides -> {}, usesTraditionalReflectiveProxies -> false ]
[2017-12-13 14:19:16] INFO com.nms.ui.thread.RefreshTopoAlarmThread - RefreshTopoAlarmThread
[2017-12-13 14:19:46] INFO com.nms.ui.lockscreen.controller.HandLockTimerTask - 已经用了的最大连接数2
[2017-12-13 14:20:46] INFO com.nms.ui.lockscreen.controller.HandLockTimerTask - 已经用了的最大连接数2
[2017-12-13 14:21:46] INFO com.nms.ui.lockscreen.controller.HandLockTimerTask - 已经用了的最大连接数2
[2017-12-13 14:22:46] INFO com.nms.ui.lockscreen.controller.HandLockTimerTask - 已经用了的最大连接数2
[2017-12-13 14:23:46] INFO com.nms.ui.lockscreen.controller.HandLockTimerTask - 已经用了的最大连接数2
[2017-12-13 14:24:46] INFO com.nms.ui.lockscreen.controller.HandLockTimerTask - 已经用了的最大连接数2
[2017-12-13 14:25:46] INFO com.nms.ui.lockscreen.controller.HandLockTimerTask - 已经用了的最大连接数2
[2017-12-13 14:26:46] INFO com.nms.ui.lockscreen.controller.HandLockTimerTask - 已经用了的最大连接数2
[2017-12-13 14:27:46] INFO com.nms.ui.lockscreen.controller.HandLockTimerTask - 已经用了的最大连接数2
[2017-12-13 14:28:46] INFO com.nms.ui.lockscreen.controller.HandLockTimerTask - 已经用了的最大连接数2
[2017-12-13 14:29:46] INFO com.nms.ui.lockscreen.controller.HandLockTimerTask - 已经用了的最大连接数2
[2017-12-13 14:30:46] INFO com.nms.ui.lockscreen.controller.HandLockTimerTask - 已经用了的最大连接数2
[2017-12-13 14:31:46] INFO com.nms.ui.lockscreen.controller.HandLockTimerTask - 已经用了的最大连接数2
[2017-12-13 14:32:46] INFO com.nms.ui.lockscreen.controller.HandLockTimerTask - 已经用了的最大连接数2
[2017-12-13 14:33:46] INFO com.nms.ui.lockscreen.controller.HandLockTimerTask - 已经用了的最大连接数2
[2017-12-13 14:34:46] INFO com.nms.ui.lockscreen.controller.HandLockTimerTask - 已经用了的最大连接数3
[2017-12-13 14:35:46] INFO com.nms.ui.lockscreen.controller.HandLockTimerTask - 已经用了的最大连接数2
[2017-12-13 14:36:46] INFO com.nms.ui.lockscreen.controller.HandLockTimerTask - 已经用了的最大连接数2
[2017-12-13 14:37:46] INFO com.nms.ui.lockscreen.controller.HandLockTimerTask - 已经用了的最大连接数2
[2017-12-13 14:38:46] INFO com.nms.ui.lockscreen.controller.HandLockTimerTask - 已经用了的最大连接数2
[2017-12-13 14:39:46] INFO com.nms.ui.lockscreen.controller.HandLockTimerTask - 已经用了的最大连接数2
[2017-12-13 14:40:46] INFO com.nms.ui.lockscreen.controller.HandLockTimerTask - 已经用了的最大连接数2
[2017-12-13 14:41:46] INFO com.nms.ui.lockscreen.controller.HandLockTimerTask - 已经用了的最大连接数2
[2017-12-13 14:42:46] INFO com.nms.ui.lockscreen.controller.HandLockTimerTask - 已经用了的最大连接数2
[2017-12-13 14:43:46] INFO com.nms.ui.lockscreen.controller.HandLockTimerTask - 已经用了的最大连接数2
[2017-12-13 14:44:46] INFO com.nms.ui.lockscreen.controller.HandLockTimerTask - 已经用了的最大连接数2
[2017-12-13 14:45:46] INFO com.nms.ui.lockscreen.controller.HandLockTimerTask - 已经用了的最大连接数2
[2017-12-13 14:46:46] INFO com.nms.ui.lockscreen.controller.HandLockTimerTask - 已经用了的最大连接数2
